INFO main com.opower.connectionpool.OPConnectionPool - used open connection
INFO main com.opower.connectionpool.OPConnectionPool - used open connection
INFO main com.opower.connectionpool.OPConnectionPool - used open connection
INFO main com.opower.connectionpool.OPConnectionPool - used open connection
INFO main com.opower.connectionpool.OPConnectionPool - used open connection
INFO main com.opower.connectionpool.OPConnectionPool - used open connection
INFO main com.opower.connectionpool.OPConnectionPool - used open connection
INFO main com.opower.connectionpool.OPConnectionPool - used open connection
INFO main com.opower.connectionpool.OPConnectionPool - used open connection
INFO main com.opower.connectionpool.OPConnectionPool - used open connection
INFO main com.opower.connectionpool.OPConnectionPool - used open connection
INFO main com.opower.connectionpool.OPConnectionPool - used open connection
INFO main com.opower.connectionpool.OPConnectionPool - used open connection
INFO main com.opower.connectionpool.OPConnectionPool - used open connection
INFO main com.opower.connectionpool.OPConnectionPool - used open connection
INFO main com.opower.connectionpool.OPConnectionPool - used open connection
INFO main com.opower.connectionpool.OPConnectionPool - used open connection
INFO main com.opower.connectionpool.OPConnectionPool - used open connection
INFO main com.opower.connectionpool.OPConnectionPool - used open connection
INFO main com.opower.connectionpool.OPConnectionPool - used open connection
INFO main com.opower.connectionpool.OPConnectionPool - used open connection
INFO main com.opower.connectionpool.OPConnectionPool - used open connection
INFO main com.opower.connectionpool.OPConnectionPool - used open connection
INFO main com.opower.connectionpool.OPConnectionPool - used open connection
INFO main com.opower.connectionpool.OPConnectionPool - used open connection
INFO main com.opower.connectionpool.OPConnectionPool - used open connection
INFO main com.opower.connectionpool.OPConnectionPool - used open connection
INFO main com.opower.connectionpool.OPConnectionPool - used open connection
INFO main com.opower.connectionpool.OPConnectionPool - used open connection
INFO main com.opower.connectionpool.OPConnectionPool - used open connection
INFO main com.opower.connectionpool.OPConnectionPool - used open connection
INFO main com.opower.connectionpool.OPConnectionPool - used open connection
INFO main com.opower.connectionpool.OPConnectionPool - used open connection
INFO main com.opower.connectionpool.OPConnectionPool - used open connection
INFO main com.opower.connectionpool.OPConnectionPool - used open connection
INFO main com.opower.connectionpool.OPConnectionPool - used open connection
INFO main com.opower.connectionpool.OPConnectionPool - used open connection
INFO main com.opower.connectionpool.OPConnectionPool - used open connection
INFO main com.opower.connectionpool.OPConnectionPool - used open connection
INFO main com.opower.connectionpool.OPConnectionPool - used open connection
INFO main com.opower.connectionpool.OPConnectionPool - used open connection
INFO main com.opower.connectionpool.OPConnectionPool - used open connection
INFO main com.opower.connectionpool.OPConnectionPool - used open connection
INFO main com.opower.connectionpool.OPConnectionPool - used open connection
INFO main com.opower.connectionpool.OPConnectionPool - used open connection
INFO main com.opower.connectionpool.OPConnectionPool - used open connection
INFO main com.opower.connectionpool.OPConnectionPool - used open connection
INFO main com.opower.connectionpool.OPConnectionPool - used open connection
INFO main com.opower.connectionpool.OPConnectionPool - used open connection
INFO main com.opower.connectionpool.OPConnectionPool - used open connection
INFO main com.opower.connectionpool.OPConnectionPool - used open connection
INFO main com.opower.connectionpool.OPConnectionPool - used open connection
INFO main com.opower.connectionpool.OPConnectionPool - used open connection
INFO main com.opower.connectionpool.OPConnectionPool - used open connection
INFO main com.opower.connectionpool.OPConnectionPool - used open connection
INFO main com.opower.connectionpool.OPConnectionPool - used open connection
INFO main com.opower.connectionpool.OPConnectionPool - used open connection
INFO main com.opower.connectionpool.OPConnectionPool - used open connection
INFO main com.opower.connectionpool.OPConnectionPool - used open connection
INFO main com.opower.connectionpool.OPConnectionPool - used open connection
INFO main com.opower.connectionpool.OPConnectionPool - used open connection
INFO main com.opower.connectionpool.OPConnectionPool - used open connection
INFO main com.opower.connectionpool.OPConnectionPool - used open connection
INFO main com.opower.connectionpool.OPConnectionPool - used open connection
INFO main com.opower.connectionpool.OPConnectionPool - used open connection
INFO main com.opower.connectionpool.OPConnectionPool - used open connection
INFO main com.opower.connectionpool.OPConnectionPool - used open connection
INFO main com.opower.connectionpool.OPConnectionPool - used open connection
INFO main com.opower.connectionpool.OPConnectionPool - used open connection
INFO main com.opower.connectionpool.OPConnectionPool - used open connection
INFO main com.opower.connectionpool.OPConnectionPool - used open connection
INFO main com.opower.connectionpool.OPConnectionPool - used open connection
INFO main com.opower.connectionpool.OPConnectionPool - used open connection
INFO main com.opower.connectionpool.OPConnectionPool - used open connection
INFO main com.opower.connectionpool.OPConnectionPool - used open connection
INFO main com.opower.connectionpool.OPConnectionPool - used open connection
INFO main com.opower.connectionpool.OPConnectionPool - used open connection
INFO main com.opower.connectionpool.OPConnectionPool - used open connection
INFO main com.opower.connectionpool.OPConnectionPool - used open connection
INFO main com.opower.connectionpool.OPConnectionPool - used open connection
INFO main com.opower.connectionpool.OPConnectionPool - used open connection
INFO main com.opower.connectionpool.OPConnectionPool - used open connection
INFO main com.opower.connectionpool.OPConnectionPool - used open connection
INFO main com.opower.connectionpool.OPConnectionPool - used open connection
INFO main com.opower.connectionpool.OPConnectionPool - used open connection
INFO main com.opower.connectionpool.OPConnectionPool - used open connection
INFO main com.opower.connectionpool.OPConnectionPool - used open connection
INFO main com.opower.connectionpool.OPConnectionPool - used open connection
INFO main com.opower.connectionpool.OPConnectionPool - used open connection
INFO main com.opower.connectionpool.OPConnectionPool - used open connection
INFO main com.opower.connectionpool.OPConnectionPool - used open connection
INFO main com.opower.connectionpool.OPConnectionPool - used open connection
INFO main com.opower.connectionpool.OPConnectionPool - used open connection
INFO main com.opower.connectionpool.OPConnectionPool - used open connection
INFO main com.opower.connectionpool.OPConnectionPool - used open connection
INFO main com.opower.connectionpool.OPConnectionPool - used open connection
INFO main com.opower.connectionpool.OPConnectionPool - used open connection
INFO main com.opower.connectionpool.OPConnectionPool - used open connection
INFO main com.opower.connectionpool.OPConnectionPool - used open connection
INFO main com.opower.connectionpool.OPConnectionPool - used open connection
INFO main com.opower.connectionpool.OPConnectionPool - used open connection
INFO main com.opower.connectionpool.OPConnectionPool - used open connection
INFO main com.opower.connectionpool.OPConnectionPool - used open connection
INFO main com.opower.connectionpool.OPConnectionPool - used open connection
INFO main com.opower.connectionpool.OPConnectionPool - used open connection
INFO main com.opower.connectionpool.OPConnectionPool - used open connection
INFO main com.opower.connectionpool.OPConnectionPool - used open connection
INFO main com.opower.connectionpool.OPConnectionPool - used open connection
INFO main com.opower.connectionpool.OPConnectionPool - used open connection
INFO main com.opower.connectionpool.OPConnectionPool - used open connection
INFO main com.opower.connectionpool.OPConnectionPool - used open connection
INFO main com.opower.connectionpool.OPConnectionPool - used open connection
INFO main com.opower.connectionpool.OPConnectionPool - used open connection
INFO main com.opower.connectionpool.OPConnectionPool - used open connection
INFO main com.opower.connectionpool.OPConnectionPool - used open connection
INFO main com.opower.connectionpool.OPConnectionPool - used open connection
INFO main com.opower.connectionpool.OPConnectionPool - used open connection
INFO main com.opower.connectionpool.OPConnectionPool - used open connection
INFO main com.opower.connectionpool.OPConnectionPool - used open connection
INFO main com.opower.connectionpool.OPConnectionPool - used open connection
INFO main com.opower.connectionpool.OPConnectionPool - used open connection
INFO main com.opower.connectionpool.OPConnectionPool - used open connection
INFO main com.opower.connectionpool.OPConnectionPool - used open connection
INFO main com.opower.connectionpool.OPConnectionPool - used open connection
INFO main com.opower.connectionpool.OPConnectionPool - used open connection
INFO main com.opower.connectionpool.OPConnectionPool - used open connection
INFO main com.opower.connectionpool.OPConnectionPool - used open connection
INFO main com.opower.connectionpool.OPConnectionPool - used open connection
INFO main com.opower.connectionpool.OPConnectionPool - used open connection
INFO main com.opower.connectionpool.OPConnectionPool - used open connection
INFO main com.opower.connectionpool.OPConnectionPool - used open connection
INFO main com.opower.connectionpool.OPConnectionPool - used open connection
INFO main com.opower.connectionpool.OPConnectionPool - used open connection
INFO main com.opower.connectionpool.OPConnectionPool - used open connection
INFO main com.opower.connectionpool.OPConnectionPool - used open connection
INFO main com.opower.connectionpool.OPConnectionPool - used open connection
INFO main com.opower.connectionpool.OPConnectionPool - used open connection
INFO main com.opower.connectionpool.OPConnectionPool - used open connection
INFO main com.opower.connectionpool.OPConnectionPool - used open connection
INFO main com.opower.connectionpool.OPConnectionPool - used open connection
INFO main com.opower.connectionpool.OPConnectionPool - used open connection
INFO main com.opower.connectionpool.OPConnectionPool - used open connection
INFO main com.opower.connectionpool.OPConnectionPool - used open connection
INFO main com.opower.connectionpool.OPConnectionPool - used open connection
INFO main com.opower.connectionpool.OPConnectionPool - used open connection
INFO main com.opower.connectionpool.OPConnectionPool - used open connection
INFO main com.opower.connectionpool.OPConnectionPool - used open connection
INFO main com.opower.connectionpool.OPConnectionPool - used open connection
INFO main com.opower.connectionpool.OPConnectionPool - used open connection
INFO main com.opower.connectionpool.OPConnectionPool - used open connection
INFO main com.opower.connectionpool.OPConnectionPool - used open connection
INFO main com.opower.connectionpool.OPConnectionPool - used open connection
INFO main com.opower.connectionpool.OPConnectionPool - used open connection
INFO main com.opower.connectionpool.OPConnectionPool - used open connection
INFO main com.opower.connectionpool.OPConnectionPool - used open connection
INFO main com.opower.connectionpool.OPConnectionPool - used open connection
INFO main com.opower.connectionpool.OPConnectionPool - used open connection
INFO main com.opower.connectionpool.OPConnectionPool - used open connection
INFO main com.opower.connectionpool.OPConnectionPool - used open connection
INFO main com.opower.connectionpool.OPConnectionPool - used open connection
INFO main com.opower.connectionpool.OPConnectionPool - used open connection
INFO main com.opower.connectionpool.OPConnectionPool - used open connection
INFO main com.opower.connectionpool.OPConnectionPool - used open connection
INFO main com.opower.connectionpool.OPConnectionPool - used open connection
INFO main com.opower.connectionpool.OPConnectionPool - used open connection
INFO main com.opower.connectionpool.OPConnectionPool - used open connection
INFO main com.opower.connectionpool.OPConnectionPool - used open connection
INFO main com.opower.connectionpool.OPConnectionPool - used open connection
INFO main com.opower.connectionpool.OPConnectionPool - used open connection
INFO main com.opower.connectionpool.OPConnectionPool - used open connection
INFO main com.opower.connectionpool.OPConnectionPool - used open connection
INFO main com.opower.connectionpool.OPConnectionPool - used open connection
INFO main com.opower.connectionpool.OPConnectionPool - used open connection
INFO main com.opower.connectionpool.OPConnectionPool - used open connection
INFO main com.opower.connectionpool.OPConnectionPool - used open connection
INFO main com.opower.connectionpool.OPConnectionPool - used open connection
INFO main com.opower.connectionpool.OPConnectionPool - used open connection
INFO main com.opower.connectionpool.OPConnectionPool - used open connection
INFO main com.opower.connectionpool.OPConnectionPool - used open connection
INFO main com.opower.connectionpool.OPConnectionPool - used open connection
INFO main com.opower.connectionpool.OPConnectionPool - used open connection
INFO main com.opower.connectionpool.OPConnectionPool - used open connection
INFO main com.opower.connectionpool.OPConnectionPool - used open connection
INFO main com.opower.connectionpool.OPConnectionPool - used open connection
INFO main com.opower.connectionpool.OPConnectionPool - used open connection
INFO main com.opower.connectionpool.OPConnectionPool - used open connection
INFO main com.opower.connectionpool.OPConnectionPool - used open connection
INFO main com.opower.connectionpool.OPConnectionPool - used open connection
INFO main com.opower.connectionpool.OPConnectionPool - used open connection
INFO main com.opower.connectionpool.OPConnectionPool - used open connection
INFO main com.opower.connectionpool.OPConnectionPool - used open connection
INFO main com.opower.connectionpool.OPConnectionPool - used open connection
INFO main com.opower.connectionpool.OPConnectionPool - used open connection
INFO main com.opower.connectionpool.OPConnectionPool - used open connection
INFO main com.opower.connectionpool.OPConnectionPool - used open connection
INFO main com.opower.connectionpool.OPConnectionPool - used open connection
INFO main com.opower.connectionpool.OPConnectionPool - used open connection
INFO main com.opower.connectionpool.OPConnectionPool - used open connection
INFO main com.opower.connectionpool.OPConnectionPool - used open connection
INFO main com.opower.connectionpool.OPConnectionPool - used open connection
INFO main com.opower.connectionpool.OPConnectionPool - used open connection
INFO main com.opower.connectionpool.OPConnectionPool - used open connection
INFO main com.opower.connectionpool.OPConnectionPool - used open connection
INFO main com.opower.connectionpool.OPConnectionPool - used open connection
INFO main com.opower.connectionpool.OPConnectionPool - used open connection
INFO main com.opower.connectionpool.OPConnectionPool - used open connection
INFO main com.opower.connectionpool.OPConnectionPool - used open connection
INFO main com.opower.connectionpool.OPConnectionPool - used open connection
INFO main com.opower.connectionpool.OPConnectionPool - used open connection
INFO main com.opower.connectionpool.OPConnectionPool - used open connection
INFO main com.opower.connectionpool.OPConnectionPool - used open connection
INFO main com.opower.connectionpool.OPConnectionPool - used open connection
INFO main com.opower.connectionpool.OPConnectionPool - used open connection
INFO main com.opower.connectionpool.OPConnectionPool - used open connection
INFO main com.opower.connectionpool.OPConnectionPool - used open connection
INFO main com.opower.connectionpool.OPConnectionPool - used open connection
INFO main com.opower.connectionpool.OPConnectionPool - used open connection
INFO main com.opower.connectionpool.OPConnectionPool - used open connection
INFO main com.opower.connectionpool.OPConnectionPool - used open connection
INFO main com.opower.connectionpool.OPConnectionPool - used open connection
INFO main com.opower.connectionpool.OPConnectionPool - used open connection
INFO main com.opower.connectionpool.OPConnectionPool - used open connection
INFO main com.opower.connectionpool.OPConnectionPool - used open connection
INFO main com.opower.connectionpool.OPConnectionPool - used open connection
INFO main com.opower.connectionpool.OPConnectionPool - used open connection
INFO main com.opower.connectionpool.OPConnectionPool - used open connection
INFO main com.opower.connectionpool.OPConnectionPool - used open connection
INFO main com.opower.connectionpool.OPConnectionPool - used open connection
INFO main com.opower.connectionpool.OPConnectionPool - used open connection
INFO main com.opower.connectionpool.OPConnectionPool - used open connection
INFO main com.opower.connectionpool.OPConnectionPool - used open connection
INFO main com.opower.connectionpool.OPConnectionPool - used open connection
INFO main com.opower.connectionpool.OPConnectionPool - used open connection
INFO main com.opower.connectionpool.OPConnectionPool - used open connection
INFO main com.opower.connectionpool.OPConnectionPool - used open connection
INFO main com.opower.connectionpool.OPConnectionPool - used open connection
INFO main com.opower.connectionpool.OPConnectionPool - used open connection
INFO main com.opower.connectionpool.OPConnectionPool - used open connection
INFO main com.opower.connectionpool.OPConnectionPool - used open connection
INFO main com.opower.connectionpool.OPConnectionPool - used open connection
INFO main com.opower.connectionpool.OPConnectionPool - used open connection
INFO main com.opower.connectionpool.OPConnectionPool - used open connection
INFO main com.opower.connectionpool.OPConnectionPool - used open connection
INFO main com.opower.connectionpool.OPConnectionPool - used open connection
INFO main com.opower.connectionpool.OPConnectionPool - used open connection
INFO main com.opower.connectionpool.OPConnectionPool - used open connection
INFO main com.opower.connectionpool.OPConnectionPool - used open connection
INFO main com.opower.connectionpool.OPConnectionPool - used open connection
INFO main com.opower.connectionpool.OPConnectionPool - used open connection
INFO main com.opower.connectionpool.OPConnectionPool - used open connection
INFO main com.opower.connectionpool.OPConnectionPool - used open connection
INFO main com.opower.connectionpool.OPConnectionPool - used open connection
INFO main com.opower.connectionpool.OPConnectionPool - used open connection
INFO main com.opower.connectionpool.OPConnectionPool - used open connection
INFO main com.opower.connectionpool.OPConnectionPool - used open connection
INFO main com.opower.connectionpool.OPConnectionPool - used open connection
INFO main com.opower.connectionpool.OPConnectionPool - used open connection
INFO main com.opower.connectionpool.OPConnectionPool - used open connection
INFO main com.opower.connectionpool.OPConnectionPool - used open connection
INFO main com.opower.connectionpool.OPConnectionPool - used open connection
INFO main com.opower.connectionpool.OPConnectionPool - used open connection
INFO main com.opower.connectionpool.OPConnectionPool - used open connection
INFO main com.opower.connectionpool.OPConnectionPool - used open connection
INFO main com.opower.connectionpool.OPConnectionPool - used open connection
INFO main com.opower.connectionpool.OPConnectionPool - used open connection
INFO main com.opower.connectionpool.OPConnectionPool - used open connection
INFO main com.opower.connectionpool.OPConnectionPool - used open connection
INFO main com.opower.connectionpool.OPConnectionPool - used open connection
INFO main com.opower.connectionpool.OPConnectionPool - used open connection
INFO main com.opower.connectionpool.OPConnectionPool - used open connection
INFO main com.opower.connectionpool.OPConnectionPool - used open connection
INFO main com.opower.connectionpool.OPConnectionPool - used open connection
DEBUG main com.opower.connectionpool.OPConnectionPool - Connection closed because minimum amount of connections has already been reached.
DEBUG Thread-1 com.opower.connectionpool.OPConnectionPool - Connection closed because minimum amount of connections has already been reached.
DEBUG main com.opower.connectionpool.OPConnectionPool - Connection closed because minimum amount of connections has already been reached.conn67: url=jdbc:h2:mem:OPclassesDB user=
DEBUG Thread-1 com.opower.connectionpool.OPConnectionPool - Connection closed because minimum amount of connections has already been reached.conn357: url=jdbc:h2:mem:OPclassesDB user=
DEBUG Thread-1 com.opower.connectionpool.OPConnectionPool - Connection closed because minimum amount of connections has already been reached:
DEBUG Thread-1 com.opower.connectionpool.OPConnectionPool - Connection: conn291: url=jdbc:h2:mem:OPclassesDB user=
DEBUG main com.opower.connectionpool.OPConnectionPool - Connection closed because minimum amount of connections has already been reached:
DEBUG main com.opower.connectionpool.OPConnectionPool - Connection: conn568: url=jdbc:h2:mem:OPclassesDB user=
DEBUG main com.opower.connectionpool.OPConnectionPool - Amount of connections created by createInitConns(): 10
DEBUG main com.opower.connectionpool.OPConnectionPool - Amount of connections created by createInitConns(): 10
DEBUG main com.opower.connectionpool.OPConnectionPool - Amount of connections created by createInitConns(): 10
DEBUG main com.opower.connectionpool.OPConnectionPool - Amount of connections created by createInitConns(): 10
DEBUG main com.opower.connectionpool.OPConnectionPool - Amount of connections created by createInitConns(): 10
DEBUG main com.opower.connectionpool.OPConnectionPool - Amount of connections created by createInitConns(): 10
DEBUG main com.opower.connectionpool.OPConnectionPool - Connection closed because minimum amount of connections has already been reached:
DEBUG main com.opower.connectionpool.OPConnectionPool - Connection: conn67: url=jdbc:h2:mem:OPclassesDB user=
DEBUG main com.opower.connectionpool.OPConnectionPool - Amount of connections created by createInitConns(): 10
DEBUG main com.opower.connectionpool.OPConnectionPool - Amount of connections created by createInitConns(): 10
DEBUG main com.opower.connectionpool.OPConnectionPool - Amount of connections created by createInitConns(): 10
DEBUG main com.opower.connectionpool.OPConnectionPool - Amount of connections created by createInitConns(): 10
DEBUG main com.opower.connectionpool.OPConnectionPool - Amount of connections created by createInitConns(): 10
DEBUG main com.opower.connectionpool.OPConnectionPool - Amount of connections created by createInitConns(): 10
DEBUG main com.opower.connectionpool.OPConnectionPool - Amount of connections created by createInitConns(): 10
DEBUG main com.opower.connectionpool.OPConnectionPool - Amount of connections created by createInitConns(): 10
DEBUG main com.opower.connectionpool.OPConnectionPool - Amount of connections created by createInitConns(): 10
DEBUG main com.opower.connectionpool.OPConnectionPool - Amount of connections created by createInitConns(): 10
DEBUG Thread-1 com.opower.connectionpool.OPConnectionPool - Connection closed because minimum amount of connections has already been reached:
DEBUG Thread-1 com.opower.connectionpool.OPConnectionPool - Connection: conn357: url=jdbc:h2:mem:OPclassesDB user=
DEBUG main com.opower.connectionpool.OPConnectionPool - Amount of connections created by createInitConns(): 10
DEBUG main com.opower.connectionpool.OPConnectionPool - Amount of connections created by createInitConns(): 10
DEBUG main com.opower.connectionpool.OPConnectionPool - Amount of connections created by createInitConns(): 10
DEBUG main com.opower.connectionpool.OPConnectionPool - Amount of connections created by createInitConns(): 10
DEBUG main com.opower.connectionpool.OPConnectionPool - Amount of connections created by createInitConns(): 10
DEBUG main com.opower.connectionpool.OPConnectionPool - Amount of connections created by createInitConns(): 10
DEBUG main com.opower.connectionpool.OPConnectionPool - Amount of connections created by createInitConns(): 10
DEBUG main com.opower.connectionpool.OPConnectionPool - Amount of connections created by createInitConns(): 10
DEBUG main com.opower.connectionpool.OPConnectionPool - Connection closed because minimum amount of connections has already been reached:
DEBUG main com.opower.connectionpool.OPConnectionPool - Connection: conn67: url=jdbc:h2:mem:OPclassesDB user=
DEBUG main com.opower.connectionpool.OPConnectionPool - Amount of connections created by createInitConns(): 10
DEBUG main com.opower.connectionpool.OPConnectionPool - Amount of connections created by createInitConns(): 10
DEBUG main com.opower.connectionpool.OPConnectionPool - Amount of connections created by createInitConns(): 10
DEBUG main com.opower.connectionpool.OPConnectionPool - Amount of connections created by createInitConns(): 10
DEBUG main com.opower.connectionpool.OPConnectionPool - Amount of connections created by createInitConns(): 10
DEBUG main com.opower.connectionpool.OPConnectionPool - Amount of connections created by createInitConns(): 10
DEBUG main com.opower.connectionpool.OPConnectionPool - Amount of connections created by createInitConns(): 10
DEBUG main com.opower.connectionpool.OPConnectionPool - Amount of connections created by createInitConns(): 10
DEBUG main com.opower.connectionpool.OPConnectionPool - Amount of connections created by createInitConns(): 10
DEBUG main com.opower.connectionpool.OPConnectionPool - Amount of connections created by createInitConns(): 10
DEBUG Thread-1 com.opower.connectionpool.OPConnectionPool - Connection closed because minimum amount of connections has already been reached:
DEBUG Thread-1 com.opower.connectionpool.OPConnectionPool - Connection: conn357: url=jdbc:h2:mem:OPclassesDB user=
DEBUG main com.opower.connectionpool.OPConnectionPool - Amount of connections created by createInitConns(): 10
DEBUG main com.opower.connectionpool.OPConnectionPool - Amount of connections created by createInitConns(): 10
DEBUG main com.opower.connectionpool.OPConnectionPool - Amount of connections created by createInitConns(): 10
DEBUG main com.opower.connectionpool.OPConnectionPool - Amount of connections created by createInitConns(): 10
DEBUG main com.opower.connectionpool.OPConnectionPool - Amount of connections created by createInitConns(): 10
DEBUG main com.opower.connectionpool.OPConnectionPool - Amount of connections created by createInitConns(): 10
DEBUG main com.opower.connectionpool.OPConnectionPool - Amount of connections created by createInitConns(): 10
DEBUG main com.opower.connectionpool.OPConnectionPool - Amount of connections created by createInitConns(): 10
DEBUG main com.opower.connectionpool.OPConnectionPool - Connection closed because minimum amount of connections has already been reached:
DEBUG main com.opower.connectionpool.OPConnectionPool - Connection: conn67: url=jdbc:h2:mem:OPclassesDB user=
DEBUG main com.opower.connectionpool.OPConnectionPool - Amount of connections created by createInitConns(): 10
DEBUG main com.opower.connectionpool.OPConnectionPool - Amount of connections created by createInitConns(): 10
DEBUG main com.opower.connectionpool.OPConnectionPool - Amount of connections created by createInitConns(): 10
DEBUG main com.opower.connectionpool.OPConnectionPool - Amount of connections created by createInitConns(): 10
DEBUG main com.opower.connectionpool.OPConnectionPool - Amount of connections created by createInitConns(): 10
DEBUG main com.opower.connectionpool.OPConnectionPool - Amount of connections created by createInitConns(): 10
DEBUG main com.opower.connectionpool.OPConnectionPool - Amount of connections created by createInitConns(): 10
DEBUG main com.opower.connectionpool.OPConnectionPool - Amount of connections created by createInitConns(): 10
DEBUG main com.opower.connectionpool.OPConnectionPool - Amount of connections created by createInitConns(): 10
DEBUG main com.opower.connectionpool.OPConnectionPool - Amount of connections created by createInitConns(): 10
DEBUG main com.opower.connectionpool.OPConnectionPool - Started indefinite wait loop due to max connections and timeout = 0.
DEBUG Thread-1 com.opower.connectionpool.OPConnectionPool - Connection closed because minimum amount of connections has already been reached:
DEBUG main com.opower.connectionpool.OPConnectionPool - Some other connection was closed, attempting to create a new one now.
DEBUG Thread-1 com.opower.connectionpool.OPConnectionPool - Connection: conn357: url=jdbc:h2:mem:OPclassesDB user=
DEBUG main com.opower.connectionpool.OPConnectionPool - Amount of connections created by createInitConns(): 10
DEBUG main com.opower.connectionpool.OPConnectionPool - Amount of connections created by createInitConns(): 10
DEBUG main com.opower.connectionpool.OPConnectionPool - Connection limit reached. Waiting 4000 amount of ms for one to open up.
DEBUG main com.opower.connectionpool.OPConnectionPool - Unfortunately time has passed and we timed out - no connection made.
DEBUG main com.opower.connectionpool.OPConnectionPool - Amount of connections created by createInitConns(): 10
DEBUG main com.opower.connectionpool.OPConnectionPool - Amount of connections created by createInitConns(): 10
DEBUG main com.opower.connectionpool.OPConnectionPool - Amount of connections created by createInitConns(): 10
DEBUG main com.opower.connectionpool.OPConnectionPool - Amount of connections created by createInitConns(): 10
DEBUG main com.opower.connectionpool.OPConnectionPool - Amount of connections created by createInitConns(): 10
DEBUG main com.opower.connectionpool.OPConnectionPool - Amount of connections created by createInitConns(): 10
DEBUG main com.opower.connectionpool.OPConnectionPool - A formerly used connection has been released to open connections pool.
DEBUG main com.opower.connectionpool.OPConnectionPool - Amount of connections created by createInitConns(): 10
DEBUG main com.opower.connectionpool.OPConnectionPool - Amount of connections created by createInitConns(): 10
DEBUG main com.opower.connectionpool.OPConnectionPool - A formerly used connection has been released to open connections pool.
DEBUG main com.opower.connectionpool.OPConnectionPool - Amount of connections created by createInitConns(): 10
DEBUG main com.opower.connectionpool.OPConnectionPool - Amount of connections created by createInitConns(): 10
DEBUG main com.opower.connectionpool.OPConnectionPool - Started indefinite wait loop due to max connections and timeout = 0.
DEBUG Thread-1 com.opower.connectionpool.OPConnectionPool - Connection closed because minimum amount of connections has already been reached:
DEBUG main com.opower.connectionpool.OPConnectionPool - Some other connection was closed, attempting to create a new one now.
DEBUG Thread-1 com.opower.connectionpool.OPConnectionPool - Connection: conn291: url=jdbc:h2:mem:OPclassesDB user=
DEBUG main com.opower.connectionpool.OPConnectionPool - Amount of connections created by createInitConns(): 10
DEBUG main com.opower.connectionpool.OPConnectionPool - Amount of connections created by createInitConns(): 10
DEBUG main com.opower.connectionpool.OPConnectionPool - Connection limit reached. Waiting 4000ms for one to open up.
DEBUG main com.opower.connectionpool.OPConnectionPool - Unfortunately time has passed and we timed out - no connection made.
DEBUG main com.opower.connectionpool.OPConnectionPool - Amount of connections created by createInitConns(): 10
DEBUG main com.opower.connectionpool.OPConnectionPool - Amount of connections created by createInitConns(): 10
DEBUG main com.opower.connectionpool.OPConnectionPool - Amount of connections created by createInitConns(): 10
DEBUG main com.opower.connectionpool.OPConnectionPool - Amount of connections created by createInitConns(): 10
DEBUG main com.opower.connectionpool.OPConnectionPool - Amount of connections created by createInitConns(): 10
DEBUG main com.opower.connectionpool.OPConnectionPool - Amount of connections created by createInitConns(): 10
DEBUG main com.opower.connectionpool.OPConnectionPool - Connection closed because minimum amount of connections has already been reached:
DEBUG main com.opower.connectionpool.OPConnectionPool - Connection: conn568: url=jdbc:h2:mem:OPclassesDB user=
DEBUG main com.opower.connectionpool.OPConnectionPool - Amount of connections created by createInitConns(): 10
DEBUG main com.opower.connectionpool.OPConnectionPool - Amount of connections created by createInitConns(): 10
DEBUG main com.opower.connectionpool.OPConnectionPool - Amount of connections created by createInitConns(): 10
DEBUG main com.opower.connectionpool.OPConnectionPool - Amount of connections created by createInitConns(): 10
DEBUG main com.opower.connectionpool.OPConnectionPool - Amount of connections created by createInitConns(): 10
DEBUG main com.opower.connectionpool.OPConnectionPool - Amount of connections created by createInitConns(): 10
DEBUG main com.opower.connectionpool.OPConnectionPool - A formerly used connection has been released to open connections pool.
DEBUG main com.opower.connectionpool.OPConnectionPool - Amount of connections created by createInitConns(): 10
DEBUG main com.opower.connectionpool.OPConnectionPool - Amount of connections created by createInitConns(): 10
DEBUG main com.opower.connectionpool.OPConnectionPool - A formerly used connection has been released to open connections pool.
DEBUG main com.opower.connectionpool.OPConnectionPool - Amount of connections created by createInitConns(): 10
DEBUG main com.opower.connectionpool.OPConnectionPool - Amount of connections created by createInitConns(): 10
DEBUG main com.opower.connectionpool.OPConnectionPool - Started indefinite wait loop due to max connections and timeout = 0.
DEBUG Thread-1 com.opower.connectionpool.OPConnectionPool - Connection closed because minimum amount of connections has already been reached:
DEBUG main com.opower.connectionpool.OPConnectionPool - Some other connection was closed, attempting to create a new one now.
DEBUG Thread-1 com.opower.connectionpool.OPConnectionPool - Connection: conn291: url=jdbc:h2:mem:OPclassesDB user=
DEBUG main com.opower.connectionpool.OPConnectionPool - Amount of connections created by createInitConns(): 10
DEBUG main com.opower.connectionpool.OPConnectionPool - Amount of connections created by createInitConns(): 10
DEBUG main com.opower.connectionpool.OPConnectionPool - Connection limit reached. Waiting 4000ms for one to open up.
DEBUG main com.opower.connectionpool.OPConnectionPool - Unfortunately time has passed and we timed out - no connection made.
DEBUG main com.opower.connectionpool.OPConnectionPool - Amount of connections created by createInitConns(): 10
DEBUG main com.opower.connectionpool.OPConnectionPool - Amount of connections created by createInitConns(): 10
DEBUG main com.opower.connectionpool.OPConnectionPool - Amount of connections created by createInitConns(): 10
DEBUG main com.opower.connectionpool.OPConnectionPool - Amount of connections created by createInitConns(): 10
DEBUG main com.opower.connectionpool.OPConnectionPool - Amount of connections created by createInitConns(): 10
DEBUG main com.opower.connectionpool.OPConnectionPool - Amount of connections created by createInitConns(): 10
DEBUG main com.opower.connectionpool.OPConnectionPool - Connection closed because minimum amount of connections has already been reached:
DEBUG main com.opower.connectionpool.OPConnectionPool - Connection: conn568: url=jdbc:h2:mem:OPclassesDB user=
DEBUG main com.opower.connectionpool.OPConnectionPool - Amount of connections created by createInitConns(): 10
DEBUG main com.opower.connectionpool.OPConnectionPool - Amount of connections created by createInitConns(): 10
DEBUG main com.opower.connectionpool.OPConnectionPool - Connection limit reached. Waiting 4000ms for one to open up.
DEBUG main com.opower.connectionpool.OPConnectionPool - Unfortunately time has passed and we timed out - no connection made.
DEBUG main com.opower.connectionpool.OPConnectionPool - Amount of connections created by createInitConns(): 10
DEBUG main com.opower.connectionpool.OPConnectionPool - Amount of connections created by createInitConns(): 10
DEBUG main com.opower.connectionpool.OPConnectionPool - Amount of connections created by createInitConns(): 10
DEBUG main com.opower.connectionpool.OPConnectionPool - Amount of connections created by createInitConns(): 10
DEBUG main com.opower.connectionpool.OPConnectionPool - Amount of connections created by createInitConns(): 10
DEBUG main com.opower.connectionpool.OPConnectionPool - Amount of connections created by createInitConns(): 10
DEBUG main com.opower.connectionpool.OPConnectionPool - Connection closed because minimum amount of connections has already been reached:
DEBUG main com.opower.connectionpool.OPConnectionPool - Connection: conn67: url=jdbc:h2:mem:OPclassesDB user=
DEBUG main com.opower.connectionpool.OPConnectionPool - Amount of connections created by createInitConns(): 10
DEBUG main com.opower.connectionpool.OPConnectionPool - Amount of connections created by createInitConns(): 10
DEBUG main com.opower.connectionpool.OPConnectionPool - Amount of connections created by createInitConns(): 10
DEBUG main com.opower.connectionpool.OPConnectionPool - Amount of connections created by createInitConns(): 10
DEBUG main com.opower.connectionpool.OPConnectionPool - Amount of connections created by createInitConns(): 10
DEBUG main com.opower.connectionpool.OPConnectionPool - Amount of connections created by createInitConns(): 10
DEBUG main com.opower.connectionpool.OPConnectionPool - A formerly used connection has been released to open connections pool.
DEBUG main com.opower.connectionpool.OPConnectionPool - Amount of connections created by createInitConns(): 10
DEBUG main com.opower.connectionpool.OPConnectionPool - Amount of connections created by createInitConns(): 10
DEBUG main com.opower.connectionpool.OPConnectionPool - A formerly used connection has been released to open connections pool.
DEBUG main com.opower.connectionpool.OPConnectionPool - Amount of connections created by createInitConns(): 10
DEBUG main com.opower.connectionpool.OPConnectionPool - Amount of connections created by createInitConns(): 10
DEBUG main com.opower.connectionpool.OPConnectionPool - Started indefinite wait loop due to max connections and timeout = 0.
DEBUG Thread-1 com.opower.connectionpool.OPConnectionPool - Connection closed because minimum amount of connections has already been reached:
DEBUG main com.opower.connectionpool.OPConnectionPool - Some other connection was closed, attempting to create a new one now.
DEBUG Thread-1 com.opower.connectionpool.OPConnectionPool - Connection: conn357: url=jdbc:h2:mem:OPclassesDB user=
DEBUG main com.opower.connectionpool.OPConnectionPool - Amount of connections created by createInitConns(): 10
DEBUG main com.opower.connectionpool.OPConnectionPool - Amount of connections created by createInitConns(): 10
DEBUG main com.opower.connectionpool.OPConnectionPool - Connection limit reached. Waiting 4000ms for one to open up.
DEBUG main com.opower.connectionpool.OPConnectionPool - Unfortunately time has passed and we timed out - no connection made.
DEBUG main com.opower.connectionpool.OPConnectionPool - Amount of connections created by createInitConns(): 10
DEBUG main com.opower.connectionpool.OPConnectionPool - Amount of connections created by createInitConns(): 10
DEBUG main com.opower.connectionpool.OPConnectionPool - Amount of connections created by createInitConns(): 10
DEBUG main com.opower.connectionpool.OPConnectionPool - Amount of connections created by createInitConns(): 10
DEBUG main com.opower.connectionpool.OPConnectionPool - Amount of connections created by createInitConns(): 10
DEBUG main com.opower.connectionpool.OPConnectionPool - Amount of connections created by createInitConns(): 10
DEBUG main com.opower.connectionpool.OPConnectionPool - Connection closed because minimum amount of connections has already been reached:
DEBUG main com.opower.connectionpool.OPConnectionPool - Connection: conn67: url=jdbc:h2:mem:OPclassesDB user=
DEBUG main com.opower.connectionpool.OPConnectionPool - Amount of connections created by createInitConns(): 10
DEBUG main com.opower.connectionpool.OPConnectionPool - Amount of connections created by createInitConns(): 10
DEBUG main com.opower.connectionpool.OPConnectionPool - Amount of connections created by createInitConns(): 10
DEBUG main com.opower.connectionpool.OPConnectionPool - Amount of connections created by createInitConns(): 10
DEBUG main com.opower.connectionpool.OPConnectionPool - Amount of connections created by createInitConns(): 10
DEBUG main com.opower.connectionpool.OPConnectionPool - Amount of connections created by createInitConns(): 10
DEBUG main com.opower.connectionpool.OPConnectionPool - A formerly used connection has been released to open connections pool.
DEBUG main com.opower.connectionpool.OPConnectionPool - Amount of connections created by createInitConns(): 10
DEBUG main com.opower.connectionpool.OPConnectionPool - Amount of connections created by createInitConns(): 10
DEBUG main com.opower.connectionpool.OPConnectionPool - A formerly used connection has been released to open connections pool.
DEBUG main com.opower.connectionpool.OPConnectionPool - Amount of connections created by createInitConns(): 10
DEBUG main com.opower.connectionpool.OPConnectionPool - Amount of connections created by createInitConns(): 10
DEBUG main com.opower.connectionpool.OPConnectionPool - Started indefinite wait loop due to max connections and timeout = 0.
DEBUG Thread-1 com.opower.connectionpool.OPConnectionPool - Connection closed because minimum amount of connections has already been reached:
DEBUG main com.opower.connectionpool.OPConnectionPool - Some other connection was closed, attempting to create a new one now.
DEBUG Thread-1 com.opower.connectionpool.OPConnectionPool - Connection: conn357: url=jdbc:h2:mem:OPclassesDB user=
DEBUG main com.opower.connectionpool.OPConnectionPool - Amount of connections created by createInitConns(): 10
DEBUG main com.opower.connectionpool.OPConnectionPool - Amount of connections created by createInitConns(): 10
DEBUG main com.opower.connectionpool.OPConnectionPool - Connection limit reached. Waiting 4000ms for one to open up.
DEBUG main com.opower.connectionpool.OPConnectionPool - Unfortunately time has passed and we timed out - no connection made.
DEBUG main com.opower.connectionpool.OPConnectionPool - Amount of connections created by createInitConns(): 10
DEBUG main com.opower.connectionpool.OPConnectionPool - Amount of connections created by createInitConns(): 10
DEBUG main com.opower.connectionpool.OPConnectionPool - Amount of connections created by createInitConns(): 10
DEBUG main com.opower.connectionpool.OPConnectionPool - Amount of connections created by createInitConns(): 10
DEBUG main com.opower.connectionpool.OPConnectionPool - Amount of connections created by createInitConns(): 10
DEBUG main com.opower.connectionpool.OPConnectionPool - Amount of connections created by createInitConns(): 10
DEBUG main com.opower.connectionpool.OPConnectionPool - Connection closed because minimum amount of connections has already been reached:
DEBUG main com.opower.connectionpool.OPConnectionPool - Connection: conn67: url=jdbc:h2:mem:OPclassesDB user=
DEBUG main com.opower.connectionpool.OPConnectionPool - Amount of connections created by createInitConns(): 10
DEBUG main com.opower.connectionpool.OPConnectionPool - Amount of connections created by createInitConns(): 10
DEBUG main com.opower.connectionpool.OPConnectionPool - Amount of connections created by createInitConns(): 10
DEBUG main com.opower.connectionpool.OPConnectionPool - Amount of connections created by createInitConns(): 10
DEBUG main com.opower.connectionpool.OPConnectionPool - Amount of connections created by createInitConns(): 10
DEBUG main com.opower.connectionpool.OPConnectionPool - Amount of connections created by createInitConns(): 10
DEBUG main com.opower.connectionpool.OPConnectionPool - A formerly used connection has been released to open connections pool.
DEBUG main com.opower.connectionpool.OPConnectionPool - Amount of connections created by createInitConns(): 10
DEBUG main com.opower.connectionpool.OPConnectionPool - Amount of connections created by createInitConns(): 10
DEBUG main com.opower.connectionpool.OPConnectionPool - A formerly used connection has been released to open connections pool.
DEBUG main com.opower.connectionpool.OPConnectionPool - Amount of connections created by createInitConns(): 10
DEBUG main com.opower.connectionpool.OPConnectionPool - Amount of connections created by createInitConns(): 10
DEBUG main com.opower.connectionpool.OPConnectionPool - Started indefinite wait loop due to max connections and timeout = 0.
DEBUG Thread-1 com.opower.connectionpool.OPConnectionPool - Connection closed because minimum amount of connections has already been reached:
DEBUG main com.opower.connectionpool.OPConnectionPool - Some other connection was closed, attempting to create a new one now.
DEBUG Thread-1 com.opower.connectionpool.OPConnectionPool - Connection: conn357: url=jdbc:h2:mem:OPclassesDB user=
DEBUG main com.opower.connectionpool.OPConnectionPool - Amount of connections created by createInitConns(): 10
DEBUG main com.opower.connectionpool.OPConnectionPool - Amount of connections created by createInitConns(): 10
DEBUG main com.opower.connectionpool.OPConnectionPool - Connection limit reached. Waiting 4000ms for one to open up.
DEBUG main com.opower.connectionpool.OPConnectionPool - Unfortunately time has passed and we timed out - no connection made.
DEBUG main com.opower.connectionpool.OPConnectionPool - Amount of connections created by createInitConns(): 10
DEBUG main com.opower.connectionpool.OPConnectionPool - Amount of connections created by createInitConns(): 10
DEBUG main com.opower.connectionpool.OPConnectionPool - Amount of connections created by createInitConns(): 10
DEBUG main com.opower.connectionpool.OPConnectionPool - Amount of connections created by createInitConns(): 10
DEBUG main com.opower.connectionpool.OPConnectionPool - Amount of connections created by createInitConns(): 10
DEBUG main com.opower.connectionpool.OPConnectionPool - Amount of connections created by createInitConns(): 10
DEBUG main com.opower.connectionpool.OPConnectionPool - Connection closed because minimum amount of connections has already been reached:
DEBUG main com.opower.connectionpool.OPConnectionPool - Connection: conn67: url=jdbc:h2:mem:OPclassesDB user=
DEBUG main com.opower.connectionpool.OPConnectionPool - Amount of connections created by createInitConns(): 10
DEBUG main com.opower.connectionpool.OPConnectionPool - Amount of connections created by createInitConns(): 10
DEBUG main com.opower.connectionpool.OPConnectionPool - Amount of connections created by createInitConns(): 10
DEBUG main com.opower.connectionpool.OPConnectionPool - Amount of connections created by createInitConns(): 10
DEBUG main com.opower.connectionpool.OPConnectionPool - Amount of connections created by createInitConns(): 10
DEBUG main com.opower.connectionpool.OPConnectionPool - Amount of connections created by createInitConns(): 10
DEBUG main com.opower.connectionpool.OPConnectionPool - A formerly used connection has been released to open connections pool.
DEBUG main com.opower.connectionpool.OPConnectionPool - Amount of connections created by createInitConns(): 10
DEBUG main com.opower.connectionpool.OPConnectionPool - Amount of connections created by createInitConns(): 10
DEBUG main com.opower.connectionpool.OPConnectionPool - A formerly used connection has been released to open connections pool.
DEBUG main com.opower.connectionpool.OPConnectionPool - Amount of connections created by createInitConns(): 10
DEBUG main com.opower.connectionpool.OPConnectionPool - Amount of connections created by createInitConns(): 10
DEBUG main com.opower.connectionpool.OPConnectionPool - Started indefinite wait loop due to max connections and timeout = 0.
DEBUG Thread-1 com.opower.connectionpool.OPConnectionPool - Connection closed because minimum amount of connections has already been reached:
DEBUG main com.opower.connectionpool.OPConnectionPool - Some other connection was closed, attempting to create a new one now.
DEBUG Thread-1 com.opower.connectionpool.OPConnectionPool - Connection: conn357: url=jdbc:h2:mem:OPclassesDB user=
DEBUG main com.opower.connectionpool.OPConnectionPool - Amount of connections created by createInitConns(): 10
DEBUG main com.opower.connectionpool.OPConnectionPool - Amount of connections created by createInitConns(): 10
DEBUG main com.opower.connectionpool.OPConnectionPool - Connection limit reached. Waiting 4000ms for one to open up.
DEBUG main com.opower.connectionpool.OPConnectionPool - Unfortunately time has passed and we timed out - no connection made.
DEBUG main com.opower.connectionpool.OPConnectionPool - Amount of connections created by createInitConns(): 10
DEBUG main com.opower.connectionpool.OPConnectionPool - Amount of connections created by createInitConns(): 10
DEBUG main com.opower.connectionpool.OPConnectionPool - Amount of connections created by createInitConns(): 10
DEBUG main com.opower.connectionpool.OPConnectionPool - Amount of connections created by createInitConns(): 10
DEBUG main com.opower.connectionpool.OPConnectionPool - Amount of connections created by createInitConns(): 10
DEBUG main com.opower.connectionpool.OPConnectionPool - Amount of connections created by createInitConns(): 10
DEBUG main com.opower.connectionpool.OPConnectionPool - A formerly used connection has been released to open connections pool.
DEBUG main com.opower.connectionpool.OPConnectionPool - Amount of connections created by createInitConns(): 10
DEBUG main com.opower.connectionpool.OPConnectionPool - Amount of connections created by createInitConns(): 10
DEBUG main com.opower.connectionpool.OPConnectionPool - A formerly used connection has been released to open connections pool.
DEBUG main com.opower.connectionpool.OPConnectionPool - Amount of connections created by createInitConns(): 10
DEBUG main com.opower.connectionpool.OPConnectionPool - Amount of connections created by createInitConns(): 10
DEBUG main com.opower.connectionpool.OPConnectionPool - Started indefinite wait loop due to max connections and timeout = 0.
DEBUG Thread-1 com.opower.connectionpool.OPConnectionPool - Connection closed because minimum amount of connections has already been reached:
DEBUG main com.opower.connectionpool.OPConnectionPool - Some other connection was closed, attempting to create a new one now.
DEBUG Thread-1 com.opower.connectionpool.OPConnectionPool - Connection: conn291: url=jdbc:h2:mem:OPclassesDB user=
DEBUG main com.opower.connectionpool.OPConnectionPool - Amount of connections created by createInitConns(): 10
DEBUG main com.opower.connectionpool.OPConnectionPool - Amount of connections created by createInitConns(): 10
DEBUG main com.opower.connectionpool.OPConnectionPool - Connection limit reached. Waiting 4000ms for one to open up.
DEBUG main com.opower.connectionpool.OPConnectionPool - Unfortunately time has passed and we timed out - no connection made.
DEBUG main com.opower.connectionpool.OPConnectionPool - Amount of connections created by createInitConns(): 10
DEBUG main com.opower.connectionpool.OPConnectionPool - Amount of connections created by createInitConns(): 10
DEBUG main com.opower.connectionpool.OPConnectionPool - Amount of connections created by createInitConns(): 10
DEBUG main com.opower.connectionpool.OPConnectionPool - Amount of connections created by createInitConns(): 10
DEBUG main com.opower.connectionpool.OPConnectionPool - Amount of connections created by createInitConns(): 10
DEBUG main com.opower.connectionpool.OPConnectionPool - Amount of connections created by createInitConns(): 10
DEBUG main com.opower.connectionpool.OPConnectionPool - Connection closed because minimum amount of connections has already been reached:
DEBUG main com.opower.connectionpool.OPConnectionPool - Connection: conn568: url=jdbc:h2:mem:OPclassesDB user=
DEBUG main com.opower.connectionpool.OPConnectionPool - Amount of connections created by createInitConns(): 10
DEBUG main com.opower.connectionpool.OPConnectionPool - Amount of connections created by createInitConns(): 10
DEBUG main com.opower.connectionpool.OPConnectionPool - Amount of connections created by createInitConns(): 10
DEBUG main com.opower.connectionpool.OPConnectionPool - Amount of connections created by createInitConns(): 10
DEBUG main com.opower.connectionpool.OPConnectionPool - Amount of connections created by createInitConns(): 10
DEBUG main com.opower.connectionpool.OPConnectionPool - Amount of connections created by createInitConns(): 10
DEBUG main com.opower.connectionpool.OPConnectionPool - Connection closed because minimum amount of connections has already been reached:
DEBUG main com.opower.connectionpool.OPConnectionPool - Connection: conn67: url=jdbc:h2:mem:OPclassesDB user=
DEBUG main com.opower.connectionpool.OPConnectionPool - Amount of connections created by createInitConns(): 10
DEBUG main com.opower.connectionpool.OPConnectionPool - Amount of connections created by createInitConns(): 10
DEBUG main com.opower.connectionpool.OPConnectionPool - Amount of connections created by createInitConns(): 10
DEBUG main com.opower.connectionpool.OPConnectionPool - Amount of connections created by createInitConns(): 10
DEBUG main com.opower.connectionpool.OPConnectionPool - Amount of connections created by createInitConns(): 10
DEBUG main com.opower.connectionpool.OPConnectionPool - Amount of connections created by createInitConns(): 10
DEBUG main com.opower.connectionpool.OPConnectionPool - A formerly used connection has been released to open connections pool.
DEBUG main com.opower.connectionpool.OPConnectionPool - Amount of connections created by createInitConns(): 10
DEBUG main com.opower.connectionpool.OPConnectionPool - Amount of connections created by createInitConns(): 10
DEBUG main com.opower.connectionpool.OPConnectionPool - A formerly used connection has been released to open connections pool.
DEBUG main com.opower.connectionpool.OPConnectionPool - Amount of connections created by createInitConns(): 10
DEBUG main com.opower.connectionpool.OPConnectionPool - Amount of connections created by createInitConns(): 10
DEBUG main com.opower.connectionpool.OPConnectionPool - Started indefinite wait loop due to max connections and timeout = 0.
DEBUG Thread-1 com.opower.connectionpool.OPConnectionPool - Connection closed because minimum amount of connections has already been reached:
DEBUG main com.opower.connectionpool.OPConnectionPool - Some other connection was closed, attempting to create a new one now.
DEBUG Thread-1 com.opower.connectionpool.OPConnectionPool - Connection: conn357: url=jdbc:h2:mem:OPclassesDB user=
DEBUG main com.opower.connectionpool.OPConnectionPool - Amount of connections created by createInitConns(): 10
DEBUG main com.opower.connectionpool.OPConnectionPool - Amount of connections created by createInitConns(): 10
DEBUG main com.opower.connectionpool.OPConnectionPool - Connection limit reached. Waiting 4000ms for one to open up.
DEBUG main com.opower.connectionpool.OPConnectionPool - Unfortunately time has passed and we timed out - no connection made.
DEBUG main com.opower.connectionpool.OPConnectionPool - Amount of connections created by createInitConns(): 10
DEBUG main com.opower.connectionpool.OPConnectionPool - Amount of connections created by createInitConns(): 10
DEBUG main com.opower.connectionpool.OPConnectionPool - Amount of connections created by createInitConns(): 10
DEBUG main com.opower.connectionpool.OPConnectionPool - Amount of connections created by createInitConns(): 10
DEBUG main com.opower.connectionpool.OPConnectionPool - Amount of connections created by createInitConns(): 10
DEBUG main com.opower.connectionpool.OPConnectionPool - Amount of connections created by createInitConns(): 10
DEBUG main com.opower.connectionpool.OPConnectionPool - Connection closed because minimum amount of connections has already been reached:
DEBUG main com.opower.connectionpool.OPConnectionPool - Connection: conn67: url=jdbc:h2:mem:OPclassesDB user=
DEBUG main com.opower.connectionpool.OPConnectionPool - Amount of connections created by createInitConns(): 10
DEBUG main com.opower.connectionpool.OPConnectionPool - Amount of connections created by createInitConns(): 10
DEBUG main com.opower.connectionpool.OPConnectionPool - Amount of connections created by createInitConns(): 10
DEBUG main com.opower.connectionpool.OPConnectionPool - Amount of connections created by createInitConns(): 10
DEBUG main com.opower.connectionpool.OPConnectionPool - Amount of connections created by createInitConns(): 10
DEBUG main com.opower.connectionpool.OPConnectionPool - Amount of connections created by createInitConns(): 10
DEBUG main com.opower.connectionpool.OPConnectionPool - A formerly used connection has been released to open connections pool.
DEBUG main com.opower.connectionpool.OPConnectionPool - Amount of connections created by createInitConns(): 10
DEBUG main com.opower.connectionpool.OPConnectionPool - Amount of connections created by createInitConns(): 10
DEBUG main com.opower.connectionpool.OPConnectionPool - A formerly used connection has been released to open connections pool.
DEBUG main com.opower.connectionpool.OPConnectionPool - Amount of connections created by createInitConns(): 10
DEBUG main com.opower.connectionpool.OPConnectionPool - Amount of connections created by createInitConns(): 10
DEBUG main com.opower.connectionpool.OPConnectionPool - Started indefinite wait loop due to max connections and timeout = 0.
DEBUG Thread-1 com.opower.connectionpool.OPConnectionPool - Connection closed because minimum amount of connections has already been reached:
DEBUG main com.opower.connectionpool.OPConnectionPool - Some other connection was closed, attempting to create a new one now.
DEBUG Thread-1 com.opower.connectionpool.OPConnectionPool - Connection: conn357: url=jdbc:h2:mem:OPclassesDB user=
DEBUG main com.opower.connectionpool.OPConnectionPool - Amount of connections created by createInitConns(): 10
DEBUG main com.opower.connectionpool.OPConnectionPool - Amount of connections created by createInitConns(): 10
DEBUG main com.opower.connectionpool.OPConnectionPool - Connection limit reached. Waiting 4000ms for one to open up.
DEBUG main com.opower.connectionpool.OPConnectionPool - Unfortunately time has passed and we timed out - no connection made.
DEBUG main com.opower.connectionpool.OPConnectionPool - Amount of connections created by createInitConns(): 10
DEBUG main com.opower.connectionpool.OPConnectionPool - Amount of connections created by createInitConns(): 10
DEBUG main com.opower.connectionpool.OPConnectionPool - Amount of connections created by createInitConns(): 10
DEBUG main com.opower.connectionpool.OPConnectionPool - Amount of connections created by createInitConns(): 10
DEBUG main com.opower.connectionpool.OPConnectionPool - Amount of connections created by createInitConns(): 10
DEBUG main com.opower.connectionpool.OPConnectionPool - Amount of connections created by createInitConns(): 10
DEBUG main com.opower.connectionpool.OPConnectionPool - A formerly used connection has been released to open connections pool.
DEBUG main com.opower.connectionpool.OPConnectionPool - Amount of connections created by createInitConns(): 10
DEBUG main com.opower.connectionpool.OPConnectionPool - Amount of connections created by createInitConns(): 10
DEBUG main com.opower.connectionpool.OPConnectionPool - A formerly used connection has been released to open connections pool.
DEBUG main com.opower.connectionpool.OPConnectionPool - Amount of connections created by createInitConns(): 10
DEBUG main com.opower.connectionpool.OPConnectionPool - Amount of connections created by createInitConns(): 10
DEBUG main com.opower.connectionpool.OPConnectionPool - Started indefinite wait loop due to max connections and timeout = 0.
DEBUG Thread-1 com.opower.connectionpool.OPConnectionPool - Connection closed because minimum amount of connections has already been reached:
DEBUG main com.opower.connectionpool.OPConnectionPool - Some other connection was closed, attempting to create a new one now.
DEBUG Thread-1 com.opower.connectionpool.OPConnectionPool - Connection: conn291: url=jdbc:h2:mem:OPclassesDB user=
DEBUG main com.opower.connectionpool.OPConnectionPool - Amount of connections created by createInitConns(): 10
DEBUG main com.opower.connectionpool.OPConnectionPool - Amount of connections created by createInitConns(): 10
DEBUG main com.opower.connectionpool.OPConnectionPool - Connection limit reached. Waiting 4000ms for one to open up.
DEBUG main com.opower.connectionpool.OPConnectionPool - Unfortunately time has passed and we timed out - no connection made.
DEBUG main com.opower.connectionpool.OPConnectionPool - Amount of connections created by createInitConns(): 10
DEBUG main com.opower.connectionpool.OPConnectionPool - Amount of connections created by createInitConns(): 10
DEBUG main com.opower.connectionpool.OPConnectionPool - Amount of connections created by createInitConns(): 10
DEBUG main com.opower.connectionpool.OPConnectionPool - Amount of connections created by createInitConns(): 10
DEBUG main com.opower.connectionpool.OPConnectionPool - Amount of connections created by createInitConns(): 10
DEBUG main com.opower.connectionpool.OPConnectionPool - Amount of connections created by createInitConns(): 10
DEBUG main com.opower.connectionpool.OPConnectionPool - Connection closed because minimum amount of connections has already been reached:
DEBUG main com.opower.connectionpool.OPConnectionPool - Connection: conn568: url=jdbc:h2:mem:OPclassesDB user=
